{"/Users/kevintownsend/Projects/PokerOdds/src/cards/isHand.ts": {"path":"/Users/kevintownsend/Projects/PokerOdds/src/cards/isHand.ts","statementMap":{"0":{"start":{"line":7,"column":19},"end":{"line":8,"column":100}},"1":{"start":{"line":8,"column":2},"end":{"line":8,"column":100}},"2":{"start":{"line":8,"column":30},"end":{"line":8,"column":80}},"3":{"start":{"line":10,"column":22},"end":{"line":13,"column":1}},"4":{"start":{"line":11,"column":17},"end":{"line":11,"column":68}},"5":{"start":{"line":11,"column":36},"end":{"line":11,"column":45}},"6":{"start":{"line":11,"column":62},"end":{"line":11,"column":67}},"7":{"start":{"line":12,"column":2},"end":{"line":12,"column":86}},"8":{"start":{"line":12,"column":39},"end":{"line":12,"column":84}},"9":{"start":{"line":15,"column":19},"end":{"line":15,"column":99}},"10":{"start":{"line":15,"column":51},"end":{"line":15,"column":99}},"11":{"start":{"line":15,"column":72},"end":{"line":15,"column":98}},"12":{"start":{"line":17,"column":22},"end":{"line":20,"column":1}},"13":{"start":{"line":18,"column":17},"end":{"line":18,"column":33}},"14":{"start":{"line":19,"column":2},"end":{"line":19,"column":75}},"15":{"start":{"line":19,"column":49},"end":{"line":19,"column":60}},"16":{"start":{"line":22,"column":25},"end":{"line":26,"column":1}},"17":{"start":{"line":23,"column":17},"end":{"line":23,"column":33}},"18":{"start":{"line":24,"column":16},"end":{"line":24,"column":68}},"19":{"start":{"line":24,"column":56},"end":{"line":24,"column":67}},"20":{"start":{"line":25,"column":2},"end":{"line":25,"column":28}},"21":{"start":{"line":28,"column":30},"end":{"line":31,"column":1}},"22":{"start":{"line":29,"column":17},"end":{"line":29,"column":33}},"23":{"start":{"line":30,"column":2},"end":{"line":30,"column":60}},"24":{"start":{"line":30,"column":47},"end":{"line":30,"column":58}},"25":{"start":{"line":33,"column":26},"end":{"line":33,"column":98}},"26":{"start":{"line":33,"column":58},"end":{"line":33,"column":98}},"27":{"start":{"line":35,"column":23},"end":{"line":35,"column":95}},"28":{"start":{"line":35,"column":55},"end":{"line":35,"column":95}},"29":{"start":{"line":37,"column":27},"end":{"line":40,"column":1}},"30":{"start":{"line":38,"column":17},"end":{"line":38,"column":33}},"31":{"start":{"line":39,"column":2},"end":{"line":39,"column":80}},"32":{"start":{"line":42,"column":31},"end":{"line":44,"column":1}},"33":{"start":{"line":43,"column":2},"end":{"line":43,"column":49}},"34":{"start":{"line":46,"column":29},"end":{"line":49,"column":1}},"35":{"start":{"line":47,"column":17},"end":{"line":47,"column":33}},"36":{"start":{"line":48,"column":2},"end":{"line":48,"column":60}},"37":{"start":{"line":48,"column":47},"end":{"line":48,"column":58}}},"fnMap":{"0":{"name":"(anonymous_0)","decl":{"start":{"line":7,"column":19},"end":{"line":7,"column":20}},"loc":{"start":{"line":8,"column":2},"end":{"line":8,"column":100}},"line":8},"1":{"name":"(anonymous_1)","decl":{"start":{"line":8,"column":14},"end":{"line":8,"column":15}},"loc":{"start":{"line":8,"column":30},"end":{"line":8,"column":80}},"line":8},"2":{"name":"(anonymous_2)","decl":{"start":{"line":10,"column":22},"end":{"line":10,"column":23}},"loc":{"start":{"line":10,"column":54},"end":{"line":13,"column":1}},"line":10},"3":{"name":"(anonymous_3)","decl":{"start":{"line":11,"column":26},"end":{"line":11,"column":27}},"loc":{"start":{"line":11,"column":36},"end":{"line":11,"column":45}},"line":11},"4":{"name":"(anonymous_4)","decl":{"start":{"line":11,"column":52},"end":{"line":11,"column":53}},"loc":{"start":{"line":11,"column":62},"end":{"line":11,"column":67}},"line":11},"5":{"name":"(anonymous_5)","decl":{"start":{"line":12,"column":22},"end":{"line":12,"column":23}},"loc":{"start":{"line":12,"column":39},"end":{"line":12,"column":84}},"line":12},"6":{"name":"(anonymous_6)","decl":{"start":{"line":15,"column":19},"end":{"line":15,"column":20}},"loc":{"start":{"line":15,"column":51},"end":{"line":15,"column":99}},"line":15},"7":{"name":"(anonymous_7)","decl":{"start":{"line":15,"column":62},"end":{"line":15,"column":63}},"loc":{"start":{"line":15,"column":72},"end":{"line":15,"column":98}},"line":15},"8":{"name":"(anonymous_8)","decl":{"start":{"line":17,"column":22},"end":{"line":17,"column":23}},"loc":{"start":{"line":17,"column":54},"end":{"line":20,"column":1}},"line":17},"9":{"name":"(anonymous_9)","decl":{"start":{"line":19,"column":38},"end":{"line":19,"column":39}},"loc":{"start":{"line":19,"column":49},"end":{"line":19,"column":60}},"line":19},"10":{"name":"(anonymous_10)","decl":{"start":{"line":22,"column":25},"end":{"line":22,"column":26}},"loc":{"start":{"line":22,"column":57},"end":{"line":26,"column":1}},"line":22},"11":{"name":"(anonymous_11)","decl":{"start":{"line":24,"column":45},"end":{"line":24,"column":46}},"loc":{"start":{"line":24,"column":56},"end":{"line":24,"column":67}},"line":24},"12":{"name":"(anonymous_12)","decl":{"start":{"line":28,"column":30},"end":{"line":28,"column":31}},"loc":{"start":{"line":28,"column":62},"end":{"line":31,"column":1}},"line":28},"13":{"name":"(anonymous_13)","decl":{"start":{"line":30,"column":36},"end":{"line":30,"column":37}},"loc":{"start":{"line":30,"column":47},"end":{"line":30,"column":58}},"line":30},"14":{"name":"(anonymous_14)","decl":{"start":{"line":33,"column":26},"end":{"line":33,"column":27}},"loc":{"start":{"line":33,"column":58},"end":{"line":33,"column":98}},"line":33},"15":{"name":"(anonymous_15)","decl":{"start":{"line":35,"column":23},"end":{"line":35,"column":24}},"loc":{"start":{"line":35,"column":55},"end":{"line":35,"column":95}},"line":35},"16":{"name":"(anonymous_16)","decl":{"start":{"line":37,"column":27},"end":{"line":37,"column":28}},"loc":{"start":{"line":37,"column":59},"end":{"line":40,"column":1}},"line":37},"17":{"name":"(anonymous_17)","decl":{"start":{"line":42,"column":31},"end":{"line":42,"column":32}},"loc":{"start":{"line":42,"column":63},"end":{"line":44,"column":1}},"line":42},"18":{"name":"(anonymous_18)","decl":{"start":{"line":46,"column":29},"end":{"line":46,"column":30}},"loc":{"start":{"line":46,"column":61},"end":{"line":49,"column":1}},"line":46},"19":{"name":"(anonymous_19)","decl":{"start":{"line":48,"column":36},"end":{"line":48,"column":37}},"loc":{"start":{"line":48,"column":47},"end":{"line":48,"column":58}},"line":48}},"branchMap":{"0":{"loc":{"start":{"line":8,"column":54},"end":{"line":8,"column":73}},"type":"binary-expr","locations":[{"start":{"line":8,"column":54},"end":{"line":8,"column":68}},{"start":{"line":8,"column":72},"end":{"line":8,"column":73}}],"line":8},"1":{"loc":{"start":{"line":12,"column":39},"end":{"line":12,"column":84}},"type":"binary-expr","locations":[{"start":{"line":12,"column":39},"end":{"line":12,"column":50}},{"start":{"line":12,"column":54},"end":{"line":12,"column":84}}],"line":12},"2":{"loc":{"start":{"line":33,"column":58},"end":{"line":33,"column":98}},"type":"binary-expr","locations":[{"start":{"line":33,"column":58},"end":{"line":33,"column":77}},{"start":{"line":33,"column":81},"end":{"line":33,"column":98}}],"line":33},"3":{"loc":{"start":{"line":35,"column":55},"end":{"line":35,"column":95}},"type":"binary-expr","locations":[{"start":{"line":35,"column":55},"end":{"line":35,"column":71}},{"start":{"line":35,"column":75},"end":{"line":35,"column":95}}],"line":35},"4":{"loc":{"start":{"line":39,"column":9},"end":{"line":39,"column":79}},"type":"binary-expr","locations":[{"start":{"line":39,"column":9},"end":{"line":39,"column":42}},{"start":{"line":39,"column":46},"end":{"line":39,"column":79}}],"line":39},"5":{"loc":{"start":{"line":43,"column":9},"end":{"line":43,"column":48}},"type":"binary-expr","locations":[{"start":{"line":43,"column":9},"end":{"line":43,"column":28}},{"start":{"line":43,"column":32},"end":{"line":43,"column":48}}],"line":43}},"s":{"0":1,"1":13,"2":65,"3":1,"4":8,"5":40,"6":38,"7":8,"8":37,"9":1,"10":7,"11":26,"12":1,"13":3,"14":3,"15":10,"16":1,"17":3,"18":3,"19":10,"20":3,"21":1,"22":3,"23":3,"24":8,"25":1,"26":3,"27":1,"28":3,"29":1,"30":2,"31":2,"32":1,"33":3,"34":1,"35":2,"36":2,"37":3},"f":{"0":13,"1":65,"2":8,"3":40,"4":38,"5":37,"6":7,"7":26,"8":3,"9":10,"10":3,"11":10,"12":3,"13":8,"14":3,"15":3,"16":2,"17":3,"18":2,"19":3},"b":{"0":[65,38],"1":[37,29],"2":[3,2],"3":[3,2],"4":[2,1],"5":[3,2]},"_coverageSchema":"1a1c01bbd47fc00a2c39e90264f33305004495a9","hash":"54c8cf3f93f7a4e1833baf9f60a2a1b8c6198e02"}
,"/Users/kevintownsend/Projects/PokerOdds/src/cards/models.ts": {"path":"/Users/kevintownsend/Projects/PokerOdds/src/cards/models.ts","statementMap":{},"fnMap":{},"branchMap":{},"s":{},"f":{},"b":{}}
}
