{"/Users/kevintownsend/Projects/PokerOdds/src/resources/card/constants.ts": {"path":"/Users/kevintownsend/Projects/PokerOdds/src/resources/card/constants.ts","statementMap":{"0":{"start":{"line":3,"column":36},"end":{"line":3,"column":56}}},"fnMap":{},"branchMap":{},"s":{"0":2},"f":{},"b":{},"_coverageSchema":"1a1c01bbd47fc00a2c39e90264f33305004495a9","hash":"51f0d152e77c50a57f9e03caa729073dbd2e05c1"}
,"/Users/kevintownsend/Projects/PokerOdds/src/resources/card/models.ts": {"path":"/Users/kevintownsend/Projects/PokerOdds/src/resources/card/models.ts","statementMap":{},"fnMap":{},"branchMap":{},"s":{},"f":{},"b":{},"_coverageSchema":"1a1c01bbd47fc00a2c39e90264f33305004495a9","hash":"e632f34d0b9c9fb64dfc891212c793e1b78c3370"}
,"/Users/kevintownsend/Projects/PokerOdds/src/resources/card/utils.ts": {"path":"/Users/kevintownsend/Projects/PokerOdds/src/resources/card/utils.ts","statementMap":{"0":{"start":{"line":3,"column":23},"end":{"line":3,"column":87}},"1":{"start":{"line":3,"column":59},"end":{"line":3,"column":87}},"2":{"start":{"line":5,"column":23},"end":{"line":5,"column":83}},"3":{"start":{"line":5,"column":59},"end":{"line":5,"column":83}},"4":{"start":{"line":12,"column":23},"end":{"line":12,"column":118}},"5":{"start":{"line":12,"column":70},"end":{"line":12,"column":118}},"6":{"start":{"line":19,"column":29},"end":{"line":19,"column":123}},"7":{"start":{"line":19,"column":73},"end":{"line":19,"column":123}},"8":{"start":{"line":21,"column":27},"end":{"line":21,"column":111}},"9":{"start":{"line":21,"column":62},"end":{"line":21,"column":110}}},"fnMap":{"0":{"name":"(anonymous_0)","decl":{"start":{"line":3,"column":23},"end":{"line":3,"column":24}},"loc":{"start":{"line":3,"column":59},"end":{"line":3,"column":87}},"line":3},"1":{"name":"(anonymous_1)","decl":{"start":{"line":5,"column":23},"end":{"line":5,"column":24}},"loc":{"start":{"line":5,"column":59},"end":{"line":5,"column":83}},"line":5},"2":{"name":"(anonymous_2)","decl":{"start":{"line":12,"column":23},"end":{"line":12,"column":24}},"loc":{"start":{"line":12,"column":70},"end":{"line":12,"column":118}},"line":12},"3":{"name":"(anonymous_3)","decl":{"start":{"line":19,"column":29},"end":{"line":19,"column":30}},"loc":{"start":{"line":19,"column":73},"end":{"line":19,"column":123}},"line":19},"4":{"name":"(anonymous_4)","decl":{"start":{"line":21,"column":27},"end":{"line":21,"column":28}},"loc":{"start":{"line":21,"column":62},"end":{"line":21,"column":110}},"line":21}},"branchMap":{},"s":{"0":2,"1":43,"2":2,"3":188,"4":2,"5":53,"6":2,"7":49,"8":2,"9":4},"f":{"0":43,"1":188,"2":53,"3":49,"4":4},"b":{},"_coverageSchema":"1a1c01bbd47fc00a2c39e90264f33305004495a9","hash":"e08f978ad0eb0fbf5dda7de30459bdfa1e752227"}
,"/Users/kevintownsend/Projects/PokerOdds/src/resources/hand/isHand.ts": {"path":"/Users/kevintownsend/Projects/PokerOdds/src/resources/hand/isHand.ts","statementMap":{"0":{"start":{"line":5,"column":27},"end":{"line":14,"column":1}},"1":{"start":{"line":6,"column":11},"end":{"line":6,"column":16}},"2":{"start":{"line":7,"column":17},"end":{"line":7,"column":56}},"3":{"start":{"line":7,"column":50},"end":{"line":7,"column":55}},"4":{"start":{"line":8,"column":2},"end":{"line":12,"column":3}},"5":{"start":{"line":8,"column":15},"end":{"line":8,"column":16}},"6":{"start":{"line":9,"column":18},"end":{"line":9,"column":40}},"7":{"start":{"line":10,"column":4},"end":{"line":10,"column":95}},"8":{"start":{"line":10,"column":48},"end":{"line":10,"column":93}},"9":{"start":{"line":11,"column":4},"end":{"line":11,"column":18}},"10":{"start":{"line":11,"column":12},"end":{"line":11,"column":18}},"11":{"start":{"line":13,"column":2},"end":{"line":13,"column":12}},"12":{"start":{"line":16,"column":22},"end":{"line":17,"column":65}},"13":{"start":{"line":17,"column":2},"end":{"line":17,"column":65}},"14":{"start":{"line":17,"column":47},"end":{"line":17,"column":64}},"15":{"start":{"line":19,"column":20},"end":{"line":22,"column":1}},"16":{"start":{"line":20,"column":17},"end":{"line":20,"column":33}},"17":{"start":{"line":21,"column":2},"end":{"line":21,"column":75}},"18":{"start":{"line":21,"column":49},"end":{"line":21,"column":60}},"19":{"start":{"line":24,"column":23},"end":{"line":28,"column":1}},"20":{"start":{"line":25,"column":17},"end":{"line":25,"column":33}},"21":{"start":{"line":26,"column":16},"end":{"line":26,"column":68}},"22":{"start":{"line":26,"column":56},"end":{"line":26,"column":67}},"23":{"start":{"line":27,"column":2},"end":{"line":27,"column":28}},"24":{"start":{"line":30,"column":28},"end":{"line":33,"column":1}},"25":{"start":{"line":31,"column":17},"end":{"line":31,"column":33}},"26":{"start":{"line":32,"column":2},"end":{"line":32,"column":60}},"27":{"start":{"line":32,"column":47},"end":{"line":32,"column":58}},"28":{"start":{"line":35,"column":24},"end":{"line":35,"column":90}},"29":{"start":{"line":35,"column":56},"end":{"line":35,"column":90}},"30":{"start":{"line":37,"column":21},"end":{"line":37,"column":87}},"31":{"start":{"line":37,"column":53},"end":{"line":37,"column":87}},"32":{"start":{"line":39,"column":25},"end":{"line":42,"column":1}},"33":{"start":{"line":40,"column":17},"end":{"line":40,"column":33}},"34":{"start":{"line":41,"column":2},"end":{"line":41,"column":80}},"35":{"start":{"line":44,"column":29},"end":{"line":46,"column":1}},"36":{"start":{"line":45,"column":2},"end":{"line":45,"column":43}},"37":{"start":{"line":48,"column":27},"end":{"line":51,"column":1}},"38":{"start":{"line":49,"column":17},"end":{"line":49,"column":33}},"39":{"start":{"line":50,"column":2},"end":{"line":50,"column":60}},"40":{"start":{"line":50,"column":47},"end":{"line":50,"column":58}}},"fnMap":{"0":{"name":"(anonymous_0)","decl":{"start":{"line":5,"column":27},"end":{"line":5,"column":28}},"loc":{"start":{"line":5,"column":59},"end":{"line":14,"column":1}},"line":5},"1":{"name":"(anonymous_1)","decl":{"start":{"line":7,"column":40},"end":{"line":7,"column":41}},"loc":{"start":{"line":7,"column":50},"end":{"line":7,"column":55}},"line":7},"2":{"name":"(anonymous_2)","decl":{"start":{"line":10,"column":23},"end":{"line":10,"column":24}},"loc":{"start":{"line":10,"column":48},"end":{"line":10,"column":93}},"line":10},"3":{"name":"(anonymous_3)","decl":{"start":{"line":16,"column":22},"end":{"line":16,"column":23}},"loc":{"start":{"line":17,"column":2},"end":{"line":17,"column":65}},"line":17},"4":{"name":"(anonymous_4)","decl":{"start":{"line":17,"column":26},"end":{"line":17,"column":27}},"loc":{"start":{"line":17,"column":47},"end":{"line":17,"column":64}},"line":17},"5":{"name":"(anonymous_5)","decl":{"start":{"line":19,"column":20},"end":{"line":19,"column":21}},"loc":{"start":{"line":19,"column":52},"end":{"line":22,"column":1}},"line":19},"6":{"name":"(anonymous_6)","decl":{"start":{"line":21,"column":38},"end":{"line":21,"column":39}},"loc":{"start":{"line":21,"column":49},"end":{"line":21,"column":60}},"line":21},"7":{"name":"(anonymous_7)","decl":{"start":{"line":24,"column":23},"end":{"line":24,"column":24}},"loc":{"start":{"line":24,"column":55},"end":{"line":28,"column":1}},"line":24},"8":{"name":"(anonymous_8)","decl":{"start":{"line":26,"column":45},"end":{"line":26,"column":46}},"loc":{"start":{"line":26,"column":56},"end":{"line":26,"column":67}},"line":26},"9":{"name":"(anonymous_9)","decl":{"start":{"line":30,"column":28},"end":{"line":30,"column":29}},"loc":{"start":{"line":30,"column":60},"end":{"line":33,"column":1}},"line":30},"10":{"name":"(anonymous_10)","decl":{"start":{"line":32,"column":36},"end":{"line":32,"column":37}},"loc":{"start":{"line":32,"column":47},"end":{"line":32,"column":58}},"line":32},"11":{"name":"(anonymous_11)","decl":{"start":{"line":35,"column":24},"end":{"line":35,"column":25}},"loc":{"start":{"line":35,"column":56},"end":{"line":35,"column":90}},"line":35},"12":{"name":"(anonymous_12)","decl":{"start":{"line":37,"column":21},"end":{"line":37,"column":22}},"loc":{"start":{"line":37,"column":53},"end":{"line":37,"column":87}},"line":37},"13":{"name":"(anonymous_13)","decl":{"start":{"line":39,"column":25},"end":{"line":39,"column":26}},"loc":{"start":{"line":39,"column":57},"end":{"line":42,"column":1}},"line":39},"14":{"name":"(anonymous_14)","decl":{"start":{"line":44,"column":29},"end":{"line":44,"column":30}},"loc":{"start":{"line":44,"column":61},"end":{"line":46,"column":1}},"line":44},"15":{"name":"(anonymous_15)","decl":{"start":{"line":48,"column":27},"end":{"line":48,"column":28}},"loc":{"start":{"line":48,"column":59},"end":{"line":51,"column":1}},"line":48},"16":{"name":"(anonymous_16)","decl":{"start":{"line":50,"column":36},"end":{"line":50,"column":37}},"loc":{"start":{"line":50,"column":47},"end":{"line":50,"column":58}},"line":50}},"branchMap":{"0":{"loc":{"start":{"line":10,"column":48},"end":{"line":10,"column":93}},"type":"binary-expr","locations":[{"start":{"line":10,"column":48},"end":{"line":10,"column":59}},{"start":{"line":10,"column":63},"end":{"line":10,"column":93}}],"line":10},"1":{"loc":{"start":{"line":11,"column":4},"end":{"line":11,"column":18}},"type":"if","locations":[{"start":{"line":11,"column":4},"end":{"line":11,"column":18}},{"start":{},"end":{}}],"line":11},"2":{"loc":{"start":{"line":35,"column":56},"end":{"line":35,"column":90}},"type":"binary-expr","locations":[{"start":{"line":35,"column":56},"end":{"line":35,"column":73}},{"start":{"line":35,"column":77},"end":{"line":35,"column":90}}],"line":35},"3":{"loc":{"start":{"line":37,"column":53},"end":{"line":37,"column":87}},"type":"binary-expr","locations":[{"start":{"line":37,"column":53},"end":{"line":37,"column":65}},{"start":{"line":37,"column":69},"end":{"line":37,"column":87}}],"line":37},"4":{"loc":{"start":{"line":41,"column":9},"end":{"line":41,"column":79}},"type":"binary-expr","locations":[{"start":{"line":41,"column":9},"end":{"line":41,"column":42}},{"start":{"line":41,"column":46},"end":{"line":41,"column":79}}],"line":41},"5":{"loc":{"start":{"line":45,"column":9},"end":{"line":45,"column":42}},"type":"binary-expr","locations":[{"start":{"line":45,"column":9},"end":{"line":45,"column":26}},{"start":{"line":45,"column":30},"end":{"line":45,"column":42}}],"line":45}},"s":{"0":1,"1":10,"2":10,"3":54,"4":10,"5":10,"6":10,"7":10,"8":41,"9":10,"10":6,"11":10,"12":1,"13":7,"14":26,"15":1,"16":3,"17":3,"18":10,"19":1,"20":3,"21":3,"22":10,"23":3,"24":1,"25":3,"26":3,"27":8,"28":1,"29":3,"30":1,"31":3,"32":1,"33":2,"34":2,"35":1,"36":3,"37":1,"38":2,"39":2,"40":3},"f":{"0":10,"1":54,"2":41,"3":7,"4":26,"5":3,"6":10,"7":3,"8":10,"9":3,"10":8,"11":3,"12":3,"13":2,"14":3,"15":2,"16":3},"b":{"0":[41,31],"1":[6,4],"2":[3,2],"3":[3,2],"4":[2,1],"5":[3,2]},"_coverageSchema":"1a1c01bbd47fc00a2c39e90264f33305004495a9","hash":"2da0e7004d82cecb974d165ffd7654f0d34654a6"}
,"/Users/kevintownsend/Projects/PokerOdds/src/resources/hand/makeHand.ts": {"path":"/Users/kevintownsend/Projects/PokerOdds/src/resources/hand/makeHand.ts","statementMap":{},"fnMap":{},"branchMap":{},"s":{},"f":{},"b":{}}
,"/Users/kevintownsend/Projects/PokerOdds/src/resources/hand/models.ts": {"path":"/Users/kevintownsend/Projects/PokerOdds/src/resources/hand/models.ts","statementMap":{},"fnMap":{},"branchMap":{},"s":{},"f":{},"b":{},"_coverageSchema":"1a1c01bbd47fc00a2c39e90264f33305004495a9","hash":"debc5384e74466486969d8e2de6edcdd8cad80a1"}
,"/Users/kevintownsend/Projects/PokerOdds/src/resources/hand/outs.ts": {"path":"/Users/kevintownsend/Projects/PokerOdds/src/resources/hand/outs.ts","statementMap":{"0":{"start":{"line":10,"column":24},"end":{"line":18,"column":1}},"1":{"start":{"line":11,"column":34},"end":{"line":11,"column":36}},"2":{"start":{"line":12,"column":2},"end":{"line":16,"column":5}},"3":{"start":{"line":13,"column":4},"end":{"line":15,"column":5}},"4":{"start":{"line":14,"column":6},"end":{"line":14,"column":22}},"5":{"start":{"line":17,"column":2},"end":{"line":17,"column":14}}},"fnMap":{"0":{"name":"(anonymous_0)","decl":{"start":{"line":10,"column":24},"end":{"line":10,"column":25}},"loc":{"start":{"line":10,"column":91},"end":{"line":18,"column":1}},"line":10},"1":{"name":"(anonymous_1)","decl":{"start":{"line":12,"column":15},"end":{"line":12,"column":16}},"loc":{"start":{"line":12,"column":25},"end":{"line":16,"column":3}},"line":12}},"branchMap":{"0":{"loc":{"start":{"line":13,"column":4},"end":{"line":15,"column":5}},"type":"if","locations":[{"start":{"line":13,"column":4},"end":{"line":15,"column":5}},{"start":{},"end":{}}],"line":13}},"s":{"0":0,"1":0,"2":0,"3":0,"4":0,"5":0},"f":{"0":0,"1":0},"b":{"0":[0,0]}}
,"/Users/kevintownsend/Projects/PokerOdds/src/resources/hand/utils.ts": {"path":"/Users/kevintownsend/Projects/PokerOdds/src/resources/hand/utils.ts","statementMap":{"0":{"start":{"line":8,"column":26},"end":{"line":9,"column":107}},"1":{"start":{"line":9,"column":2},"end":{"line":9,"column":107}},"2":{"start":{"line":9,"column":30},"end":{"line":9,"column":88}}},"fnMap":{"0":{"name":"(anonymous_0)","decl":{"start":{"line":8,"column":26},"end":{"line":8,"column":27}},"loc":{"start":{"line":9,"column":2},"end":{"line":9,"column":107}},"line":9},"1":{"name":"(anonymous_1)","decl":{"start":{"line":9,"column":14},"end":{"line":9,"column":15}},"loc":{"start":{"line":9,"column":30},"end":{"line":9,"column":88}},"line":9}},"branchMap":{"0":{"loc":{"start":{"line":9,"column":58},"end":{"line":9,"column":81}},"type":"binary-expr","locations":[{"start":{"line":9,"column":58},"end":{"line":9,"column":76}},{"start":{"line":9,"column":80},"end":{"line":9,"column":81}}],"line":9}},"s":{"0":1,"1":13,"2":65},"f":{"0":13,"1":65},"b":{"0":[65,38]},"_coverageSchema":"1a1c01bbd47fc00a2c39e90264f33305004495a9","hash":"7d606d698f54da83193df36460c625829850ded5"}
,"/Users/kevintownsend/Projects/PokerOdds/src/utils/array.ts": {"path":"/Users/kevintownsend/Projects/PokerOdds/src/utils/array.ts","statementMap":{"0":{"start":{"line":1,"column":22},"end":{"line":1,"column":73}},"1":{"start":{"line":1,"column":47},"end":{"line":1,"column":73}}},"fnMap":{"0":{"name":"(anonymous_0)","decl":{"start":{"line":1,"column":22},"end":{"line":1,"column":23}},"loc":{"start":{"line":1,"column":47},"end":{"line":1,"column":73}},"line":1}},"branchMap":{},"s":{"0":0,"1":0},"f":{"0":0},"b":{}}
}
