TN:
SF:src/resources/card/constants.ts
FNF:0
FNH:0
DA:3,2
LF:1
LH:1
BRF:0
BRH:0
end_of_record
TN:
SF:src/resources/card/models.ts
FNF:0
FNH:0
LF:0
LH:0
BRF:0
BRH:0
end_of_record
TN:
SF:src/resources/card/utils.ts
FN:3,(anonymous_0)
FN:5,(anonymous_1)
FN:12,(anonymous_2)
FN:19,(anonymous_3)
FN:21,(anonymous_4)
FNF:5
FNH:5
FNDA:43,(anonymous_0)
FNDA:188,(anonymous_1)
FNDA:53,(anonymous_2)
FNDA:49,(anonymous_3)
FNDA:4,(anonymous_4)
DA:3,43
DA:5,188
DA:12,53
DA:19,49
DA:21,4
LF:5
LH:5
BRF:0
BRH:0
end_of_record
TN:
SF:src/resources/hand/isHand.ts
FN:5,(anonymous_0)
FN:7,(anonymous_1)
FN:10,(anonymous_2)
FN:16,(anonymous_3)
FN:17,(anonymous_4)
FN:19,(anonymous_5)
FN:21,(anonymous_6)
FN:24,(anonymous_7)
FN:26,(anonymous_8)
FN:30,(anonymous_9)
FN:32,(anonymous_10)
FN:35,(anonymous_11)
FN:37,(anonymous_12)
FN:39,(anonymous_13)
FN:44,(anonymous_14)
FN:48,(anonymous_15)
FN:50,(anonymous_16)
FNF:17
FNH:17
FNDA:10,(anonymous_0)
FNDA:54,(anonymous_1)
FNDA:41,(anonymous_2)
FNDA:7,(anonymous_3)
FNDA:26,(anonymous_4)
FNDA:3,(anonymous_5)
FNDA:10,(anonymous_6)
FNDA:3,(anonymous_7)
FNDA:10,(anonymous_8)
FNDA:3,(anonymous_9)
FNDA:8,(anonymous_10)
FNDA:3,(anonymous_11)
FNDA:3,(anonymous_12)
FNDA:2,(anonymous_13)
FNDA:3,(anonymous_14)
FNDA:2,(anonymous_15)
FNDA:3,(anonymous_16)
DA:5,1
DA:6,10
DA:7,54
DA:8,10
DA:9,10
DA:10,41
DA:11,10
DA:13,10
DA:16,1
DA:17,26
DA:19,1
DA:20,3
DA:21,10
DA:24,1
DA:25,3
DA:26,10
DA:27,3
DA:30,1
DA:31,3
DA:32,8
DA:35,3
DA:37,3
DA:39,1
DA:40,2
DA:41,2
DA:44,1
DA:45,3
DA:48,1
DA:49,2
DA:50,3
LF:30
LH:30
BRDA:10,0,0,41
BRDA:10,0,1,31
BRDA:11,1,0,6
BRDA:11,1,1,4
BRDA:35,2,0,3
BRDA:35,2,1,2
BRDA:37,3,0,3
BRDA:37,3,1,2
BRDA:41,4,0,2
BRDA:41,4,1,1
BRDA:45,5,0,3
BRDA:45,5,1,2
BRF:12
BRH:12
end_of_record
TN:
SF:src/resources/hand/makeHand.ts
FNF:0
FNH:0
LF:0
LH:0
BRF:0
BRH:0
end_of_record
TN:
SF:src/resources/hand/models.ts
FNF:0
FNH:0
LF:0
LH:0
BRF:0
BRH:0
end_of_record
TN:
SF:src/resources/hand/outs.ts
FN:10,(anonymous_0)
FN:12,(anonymous_1)
FNF:2
FNH:0
FNDA:0,(anonymous_0)
FNDA:0,(anonymous_1)
DA:10,0
DA:11,0
DA:12,0
DA:13,0
DA:14,0
DA:17,0
LF:6
LH:0
BRDA:13,0,0,0
BRDA:13,0,1,0
BRF:2
BRH:0
end_of_record
TN:
SF:src/resources/hand/utils.ts
FN:8,(anonymous_0)
FN:9,(anonymous_1)
FNF:2
FNH:2
FNDA:13,(anonymous_0)
FNDA:65,(anonymous_1)
DA:8,1
DA:9,65
LF:2
LH:2
BRDA:9,0,0,65
BRDA:9,0,1,38
BRF:2
BRH:2
end_of_record
TN:
SF:src/utils/array.ts
FN:1,(anonymous_0)
FNF:1
FNH:0
FNDA:0,(anonymous_0)
DA:1,0
LF:1
LH:0
BRF:0
BRH:0
end_of_record
