TN:
SF:src/cards/isHand.ts
FN:7,(anonymous_0)
FN:8,(anonymous_1)
FN:10,(anonymous_2)
FN:11,(anonymous_3)
FN:11,(anonymous_4)
FN:12,(anonymous_5)
FN:15,(anonymous_6)
FN:15,(anonymous_7)
FN:17,(anonymous_8)
FN:19,(anonymous_9)
FN:22,(anonymous_10)
FN:24,(anonymous_11)
FN:28,(anonymous_12)
FN:30,(anonymous_13)
FN:33,(anonymous_14)
FN:35,(anonymous_15)
FN:37,(anonymous_16)
FN:42,(anonymous_17)
FN:46,(anonymous_18)
FN:48,(anonymous_19)
FNF:20
FNH:20
FNDA:13,(anonymous_0)
FNDA:65,(anonymous_1)
FNDA:8,(anonymous_2)
FNDA:40,(anonymous_3)
FNDA:38,(anonymous_4)
FNDA:37,(anonymous_5)
FNDA:7,(anonymous_6)
FNDA:26,(anonymous_7)
FNDA:3,(anonymous_8)
FNDA:10,(anonymous_9)
FNDA:3,(anonymous_10)
FNDA:10,(anonymous_11)
FNDA:3,(anonymous_12)
FNDA:8,(anonymous_13)
FNDA:3,(anonymous_14)
FNDA:3,(anonymous_15)
FNDA:2,(anonymous_16)
FNDA:3,(anonymous_17)
FNDA:2,(anonymous_18)
FNDA:3,(anonymous_19)
DA:7,1
DA:8,65
DA:10,1
DA:11,40
DA:12,37
DA:15,26
DA:17,1
DA:18,3
DA:19,10
DA:22,1
DA:23,3
DA:24,10
DA:25,3
DA:28,1
DA:29,3
DA:30,8
DA:33,3
DA:35,3
DA:37,1
DA:38,2
DA:39,2
DA:42,1
DA:43,3
DA:46,1
DA:47,2
DA:48,3
LF:26
LH:26
BRDA:8,0,0,65
BRDA:8,0,1,38
BRDA:12,1,0,37
BRDA:12,1,1,29
BRDA:33,2,0,3
BRDA:33,2,1,2
BRDA:35,3,0,3
BRDA:35,3,1,2
BRDA:39,4,0,2
BRDA:39,4,1,1
BRDA:43,5,0,3
BRDA:43,5,1,2
BRF:12
BRH:12
end_of_record
TN:
SF:src/cards/models.ts
FNF:0
FNH:0
LF:0
LH:0
BRF:0
BRH:0
end_of_record
